<?xml version="1.0" encoding="UTF-8"?>
<!-- Generated by org.testng.reporters.JUnitReportReporter -->
<testsuite hostname="LAPTOP-KDSNQ81I" failures="0" tests="1" name="runner.FlipkartSerachProductTest" time="129.228" errors="0" timestamp="2023-01-11T11:22:03 IST" skipped="0">
  <testcase classname="runner.FlipkartSerachProductTest" name="SearchMobilesTest" time="129.228"/>
  <system-out/>
</testsuite> <!-- runner.FlipkartSerachProductTest -->
