<?xml version="1.0" encoding="UTF-8"?>
<!-- Generated by org.testng.reporters.JUnitReportReporter -->
<testsuite hostname="LAPTOP-KDSNQ81I" failures="0" tests="1" name="runner.WdIoFormPageTest" time="8.356" errors="0" timestamp="2023-01-31T13:10:15 IST" skipped="0">
  <testcase classname="runner.WdIoFormPageTest" name="Form" time="8.356"/>
  <system-out/>
</testsuite> <!-- runner.WdIoFormPageTest -->
