<?xml version="1.0" encoding="UTF-8"?>
<!-- Generated by org.testng.reporters.JUnitReportReporter -->
<testsuite hostname="LAPTOP-KDSNQ81I" failures="0" tests="2" name="demo.RealTest" time="7.079" errors="0" timestamp="2022-11-05T22:30:54 IST" skipped="0">
  <testcase classname="demo.RealTest" name="test" time="3.408"/>
  <system-out/>
  <testcase classname="demo.RealTest" name="test" time="3.671"/>
  <system-out/>
</testsuite> <!-- demo.RealTest -->
