<?xml version="1.0" encoding="UTF-8"?>
<!-- Generated by org.testng.reporters.JUnitReportReporter -->
<testsuite hostname="LAPTOP-KDSNQ81I" failures="0" tests="1" name="demo.TestOne" time="63.641" errors="0" timestamp="2022-11-04T21:46:48 IST" skipped="0">
  <testcase classname="demo.TestOne" name="ActualTest" time="63.641"/>
  <system-out/>
</testsuite> <!-- demo.TestOne -->
