<?xml version="1.0" encoding="UTF-8"?>
<!-- Generated by org.testng.reporters.JUnitReportReporter -->
<testsuite hostname="LAPTOP-KDSNQ81I" failures="0" tests="2" name="runner.WdIoLoginTest" time="40.301" errors="0" timestamp="2023-01-13T12:12:27 IST" skipped="0">
  <testcase classname="runner.WdIoLoginTest" name="LoginTest" time="21.799"/>
  <system-out/>
  <testcase classname="runner.WdIoLoginTest" name="submitForm" time="18.502"/>
  <system-out/>
</testsuite> <!-- runner.WdIoLoginTest -->
