<?xml version="1.0" encoding="UTF-8"?>
<!-- Generated by org.testng.reporters.JUnitReportReporter -->
<testsuite hostname="LAPTOP-KDSNQ81I" failures="0" tests="1" name="demo.Flipkart" time="29.137" errors="0" timestamp="2023-01-06T16:43:37 IST" skipped="0">
  <testcase classname="demo.Flipkart" name="testTwo" time="29.137"/>
  <system-out/>
</testsuite> <!-- demo.Flipkart -->
