<?xml version="1.0" encoding="UTF-8"?>
<!-- Generated by org.testng.reporters.JUnitReportReporter -->
<testsuite hostname="LAPTOP-KDSNQ81I" failures="0" tests="1" name="demo.TestIngDrag" time="16.094" errors="0" timestamp="2023-01-06T12:30:01 IST" skipped="0">
  <testcase classname="demo.TestIngDrag" name="dragNdrop" time="16.094"/>
  <system-out/>
</testsuite> <!-- demo.TestIngDrag -->
