<?xml version="1.0" encoding="UTF-8"?>
<!-- Generated by org.testng.reporters.JUnitReportReporter -->
<testsuite hostname="LAPTOP-KDSNQ81I" failures="0" tests="2" name="runner.LoginTest" time="10.737" errors="0" timestamp="2023-01-05T16:13:22 IST" skipped="0">
  <testcase classname="runner.LoginTest" name="submitForm" time="4.083"/>
  <system-out/>
  <testcase classname="runner.LoginTest" name="logina" time="6.654"/>
  <system-out/>
</testsuite> <!-- runner.LoginTest -->
