<?xml version="1.0" encoding="UTF-8"?>
<!-- Generated by org.testng.reporters.JUnitReportReporter -->
<testsuite hostname="LAPTOP-KDSNQ81I" failures="0" tests="2" name="runner.WdIoLoginTest" time="36.696" errors="0" timestamp="2023-01-06T11:37:27 IST" skipped="0">
  <testcase classname="runner.WdIoLoginTest" name="LoginTest" time="19.611"/>
  <system-out/>
  <testcase classname="runner.WdIoLoginTest" name="submitForm" time="17.085"/>
  <system-out/>
</testsuite> <!-- runner.WdIoLoginTest -->
