<?xml version="1.0" encoding="UTF-8"?>
<!-- Generated by org.testng.reporters.JUnitReportReporter -->
<testsuite hostname="LAPTOP-KDSNQ81I" failures="0" tests="1" name="runner.AmazonWindowTest" time="17.201" errors="0" timestamp="2022-11-06T17:30:01 IST" skipped="0">
  <testcase classname="runner.AmazonWindowTest" name="testOne" time="17.201"/>
  <system-out/>
</testsuite> <!-- runner.AmazonWindowTest -->
