<?xml version="1.0" encoding="UTF-8"?>
<!-- Generated by org.testng.reporters.JUnitReportReporter -->
<testsuite hostname="LAPTOP-KDSNQ81I" failures="0" tests="1" name="runner.AmazonMenuTest" time="2.634" errors="0" timestamp="2022-11-07T22:38:28 IST" skipped="0">
  <testcase classname="runner.AmazonMenuTest" name="testOne" time="2.634"/>
  <system-out/>
</testsuite> <!-- runner.AmazonMenuTest -->
